<?xml version="1.0" encoding="UTF-8"?>
<testsuite xmlns:xsi="http://www.w3.org/2001/XMLSchema-instance" xsi:noNamespaceSchemaLocation="https://maven.apache.org/surefire/maven-surefire-plugin/xsd/surefire-test-report.xsd" name="com.mycompany.app.AppTest" time="0.066" tests="1" errors="0" skipped="0" failures="0">
  <properties>
    <property name="gopherProxySet" value="false"/>
    <property name="awt.toolkit" value="sun.lwawt.macosx.LWCToolkit"/>
    <property name="java.specification.version" value="11"/>
    <property name="sun.cpu.isalist" value=""/>
    <property name="sun.jnu.encoding" value="UTF-8"/>
    <property name="java.class.path" value="/Users/ruslanlukichev/praktikum/Java-developer/my-app/target/test-classes:/Users/ruslanlukichev/praktikum/Java-developer/my-app/target/classes:/Users/ruslanlukichev/.m2/repository/junit/junit/4.13.1/junit-4.13.1.jar:/Users/ruslanlukichev/.m2/repository/org/hamcrest/hamcrest-core/1.3/hamcrest-core-1.3.jar:/Users/ruslanlukichev/.m2/repository/org/graalvm/sdk/graal-sdk/22.2.0/graal-sdk-22.2.0.jar:/Users/ruslanlukichev/.m2/repository/org/graalvm/js/js/22.2.0/js-22.2.0.jar:/Users/ruslanlukichev/.m2/repository/org/graalvm/regex/regex/22.2.0/regex-22.2.0.jar:/Users/ruslanlukichev/.m2/repository/org/graalvm/truffle/truffle-api/22.2.0/truffle-api-22.2.0.jar:/Users/ruslanlukichev/.m2/repository/com/ibm/icu/icu4j/71.1/icu4j-71.1.jar:/Users/ruslanlukichev/.m2/repository/org/graalvm/js/js-scriptengine/22.2.0/js-scriptengine-22.2.0.jar:/Users/ruslanlukichev/.m2/repository/org/graalvm/tools/profiler/22.2.0/profiler-22.2.0.jar:/Users/ruslanlukichev/.m2/repository/org/graalvm/tools/chromeinspector/22.2.0/chromeinspector-22.2.0.jar:"/>
    <property name="java.vm.vendor" value="Amazon.com Inc."/>
    <property name="sun.arch.data.model" value="64"/>
    <property name="java.vendor.url" value="https://aws.amazon.com/corretto/"/>
    <property name="user.timezone" value=""/>
    <property name="java.vm.specification.version" value="11"/>
    <property name="os.name" value="Mac OS X"/>
    <property name="sun.java.launcher" value="SUN_STANDARD"/>
    <property name="user.country" value="RU"/>
    <property name="sun.boot.library.path" value="/Library/Java/JavaVirtualMachines/amazon-corretto-11.jdk/Contents/Home/lib"/>
    <property name="sun.java.command" value="/Users/ruslanlukichev/praktikum/Java-developer/my-app/target/surefire/surefirebooter18357336678486736076.jar /Users/ruslanlukichev/praktikum/Java-developer/my-app/target/surefire 2023-10-08T13-19-09_689-jvmRun1 surefire3480419726837730958tmp surefire_016512603067400262212tmp"/>
    <property name="http.nonProxyHosts" value="local|*.local|169.254/16|*.169.254/16"/>
    <property name="jdk.debug" value="release"/>
    <property name="surefire.test.class.path" value="/Users/ruslanlukichev/praktikum/Java-developer/my-app/target/test-classes:/Users/ruslanlukichev/praktikum/Java-developer/my-app/target/classes:/Users/ruslanlukichev/.m2/repository/junit/junit/4.13.1/junit-4.13.1.jar:/Users/ruslanlukichev/.m2/repository/org/hamcrest/hamcrest-core/1.3/hamcrest-core-1.3.jar:/Users/ruslanlukichev/.m2/repository/org/graalvm/sdk/graal-sdk/22.2.0/graal-sdk-22.2.0.jar:/Users/ruslanlukichev/.m2/repository/org/graalvm/js/js/22.2.0/js-22.2.0.jar:/Users/ruslanlukichev/.m2/repository/org/graalvm/regex/regex/22.2.0/regex-22.2.0.jar:/Users/ruslanlukichev/.m2/repository/org/graalvm/truffle/truffle-api/22.2.0/truffle-api-22.2.0.jar:/Users/ruslanlukichev/.m2/repository/com/ibm/icu/icu4j/71.1/icu4j-71.1.jar:/Users/ruslanlukichev/.m2/repository/org/graalvm/js/js-scriptengine/22.2.0/js-scriptengine-22.2.0.jar:/Users/ruslanlukichev/.m2/repository/org/graalvm/tools/profiler/22.2.0/profiler-22.2.0.jar:/Users/ruslanlukichev/.m2/repository/org/graalvm/tools/chromeinspector/22.2.0/chromeinspector-22.2.0.jar:"/>
    <property name="sun.cpu.endian" value="little"/>
    <property name="user.home" value="/Users/ruslanlukichev"/>
    <property name="user.language" value="ru"/>
    <property name="java.specification.vendor" value="Oracle Corporation"/>
    <property name="jdk.module.path" value="/Users/ruslanlukichev/praktikum/Java-developer/my-app/target/compiler"/>
    <property name="java.version.date" value="2022-10-18"/>
    <property name="java.home" value="/Library/Java/JavaVirtualMachines/amazon-corretto-11.jdk/Contents/Home"/>
    <property name="jdk.module.upgrade.path" value="/Users/ruslanlukichev/praktikum/Java-developer/my-app/target/compiler/compiler.jar:/Users/ruslanlukichev/praktikum/Java-developer/my-app/target/compiler/compiler-management.jar"/>
    <property name="file.separator" value="/"/>
    <property name="basedir" value="/Users/ruslanlukichev/praktikum/Java-developer/my-app"/>
    <property name="java.vm.compressedOopsMode" value="Zero based"/>
    <property name="line.separator" value="&#10;"/>
    <property name="jdk.internal.vm.ci.enabled" value="true"/>
    <property name="java.specification.name" value="Java Platform API Specification"/>
    <property name="java.vm.specification.vendor" value="Oracle Corporation"/>
    <property name="java.awt.graphicsenv" value="sun.awt.CGraphicsEnvironment"/>
    <property name="surefire.real.class.path" value="/Users/ruslanlukichev/praktikum/Java-developer/my-app/target/surefire/surefirebooter18357336678486736076.jar"/>
    <property name="sun.management.compiler" value="HotSpot 64-Bit Tiered Compilers"/>
    <property name="ftp.nonProxyHosts" value="local|*.local|169.254/16|*.169.254/16"/>
    <property name="java.runtime.version" value="11.0.17+8-LTS"/>
    <property name="user.name" value="ruslanlukichev"/>
    <property name="path.separator" value=":"/>
    <property name="os.version" value="13.2.1"/>
    <property name="java.runtime.name" value="OpenJDK Runtime Environment"/>
    <property name="file.encoding" value="UTF-8"/>
    <property name="java.vm.name" value="OpenJDK 64-Bit Server VM"/>
    <property name="java.vendor.version" value="Corretto-11.0.17.8.1"/>
    <property name="localRepository" value="/Users/ruslanlukichev/.m2/repository"/>
    <property name="java.vendor.url.bug" value="https://github.com/corretto/corretto-11/issues/"/>
    <property name="java.io.tmpdir" value="/var/folders/r2/hjn010dd0zn_bqnccdr62nfw0000gn/T/"/>
    <property name="java.version" value="11.0.17"/>
    <property name="user.dir" value="/Users/ruslanlukichev/praktikum/Java-developer/my-app"/>
    <property name="os.arch" value="x86_64"/>
    <property name="java.vm.specification.name" value="Java Virtual Machine Specification"/>
    <property name="java.awt.printerjob" value="sun.lwawt.macosx.CPrinterJob"/>
    <property name="sun.os.patch.level" value="unknown"/>
    <property name="java.library.path" value="/Users/ruslanlukichev/Library/Java/Extensions:/Library/Java/Extensions:/Network/Library/Java/Extensions:/System/Library/Java/Extensions:/usr/lib/java:."/>
    <property name="java.vm.info" value="mixed mode"/>
    <property name="java.vendor" value="Amazon.com Inc."/>
    <property name="java.vm.version" value="11.0.17+8-LTS"/>
    <property name="sun.io.unicode.encoding" value="UnicodeBig"/>
    <property name="java.class.version" value="55.0"/>
    <property name="socksNonProxyHosts" value="local|*.local|169.254/16|*.169.254/16"/>
  </properties>
  <testcase name="shouldAnswerWithTrue" classname="com.mycompany.app.AppTest" time="0.005"/>
</testsuite>